➜  minishell git:(fix_pipeline) ./minishell
$> ls
includes  libft  Makefile  minishell  obj  outfile  srcs  tester  todo.txt
$> ls | cat
includes
libft
Makefile
minishell
obj
outfile
srcs
tester
todo.txt
$> ls | cat | wc
      9       9      67
$> ls | cat | wc -l
9
$> ls | sleep 2
$> sleep 3 | sleep 2
$> cat | cat | ls
includes  libft  Makefile  minishell  obj  outfile  srcs  tester  todo.txt
$> cat | cat | ls
includes  libft  Makefile  minishell  obj  outfile  srcs  tester  todo.txt


$> cat | cat | cat | cat | ls
includes  libft  Makefile  minishell  obj  outfile  srcs  tester  todo.txt




$> cat | cat | cat | cat | ls
includes  libft  Makefile  minishell  obj  outfile  srcs  tester  todo.txt





$> cat | cat | cat | cat | ls
includes  libft  Makefile  minishell  obj  outfile  srcs  tester  todo.txt




$> cat | cat | cat | cat | ls
includes  libft  Makefile  minishell  obj  outfile  srcs  tester  todo.txt




$> cat | cat | cat | cat | ls
includes  libft  Makefile  minishell  obj  outfile  srcs  tester  todo.txt




$> exit
[1]    1469029 segmentation fault (core dumped)  ./minishell


############################################################################
On branch refactoring_savo
Your branch is up to date with 'origin/refactoring_savo'.

Changes not staged for commit:
  (use "git add <file>..." to update what will be committed)
  (use "git restore <file>..." to discard changes in working directory)
        modified:   srcs/main.c

no changes added to commit (use "git add" and/or "git commit -a")
➜  minishell git:(refactoring_savo) ✗ git add .
➜  minishell git:(refactoring_savo) ✗ git commit -m "remove the free(rl_line_buffer) as it break the shell"
[refactoring_savo 29fdb5b] remove the free(rl_line_buffer) as it break the shell
 1 file changed, 1 deletion(-)
➜  minishell git:(refactoring_savo) git push
Enumerating objects: 7, done.
Counting objects: 100% (7/7), done.
Delta compression using up to 4 threads
Compressing objects: 100% (4/4), done.
Writing objects: 100% (4/4), 396 bytes | 396.00 KiB/s, done.
Total 4 (delta 3), reused 0 (delta 0)
remote: Resolving deltas: 100% (3/3), completed with 3 local objects.
To github.com:jessicaBoisserand/minishell.git
   9f4f9a5..29fdb5b  refactoring_savo -> refactoring_savo
➜  minishell git:(refactoring_savo) make run   mkdir -p obj
gcc  -c -g -Wall -Wextra -Werror srcs/main.c -Iincludes -Ilibft -o obj/main.o
make -C ./libft/
make[1]: Entering directory '/mnt/nfs/homes/sasaicic/Documents/minishell/libft'
make[1]: Nothing to be done for 'all'.
make[1]: Leaving directory '/mnt/nfs/homes/sasaicic/Documents/minishell/libft'
gcc  -g -Wall -Wextra -Werror obj/main.o obj/get_tokens.o obj/free.o obj/lst_utils.o obj/exit.o obj/command.o obj/handle_operators.o obj/handle_redirection.o obj/clear.o obj/echo.o obj/utils.o obj/execute.o obj/get_path.o obj/parser.o obj/expansion.o obj/var.o obj/directory.o obj/exit_shell.o obj/environment.o obj/plug_pipes.o obj/handle_heredoc.o obj/signal.o obj/handle_expansion.o obj/parsing_utils.o obj/handle_quote.o -lreadline -L./libft/ -lft -o minishell
./minishell
$> ls fdp | date
Wed 08 Dec 2021 02:35:10 PM CET
ls: cannot access 'fdp': No such file or directory
$> ls fdp | date
Wed 08 Dec 2021 02:35:12 PM CET
ls: cannot access 'fdp': No such file or directory
$> ls fdp | date
Wed 08 Dec 2021 02:35:12 PM CET
ls: cannot access 'fdp': No such file or directory
$> ls fdp | date
Wed 08 Dec 2021 02:35:13 PM CET
ls: cannot access 'fdp': No such file or directory
$> ls fdp | date
Wed 08 Dec 2021 02:35:13 PM CET
ls: cannot access 'fdp': No such file or directory
$> ls fdp | date
ls: cannot access 'fdp': No such file or directory
Wed 08 Dec 2021 02:35:13 PM CET
$> ls fdp | date
Wed 08 Dec 2021 02:35:14 PM CET
ls: cannot access 'fdp': No such file or directory
$> saajdhkasjdbasbhkjbdasjkdb
corrupted size vs. prev_size
make: *** [Makefile:38: run] Aborted (core dumped)
➜  minishell git:(refactoring_savo) make run
make -C ./libft/
make[1]: Entering directory '/mnt/nfs/homes/sasaicic/Documents/minishell/libft'
make[1]: Nothing to be done for 'all'.
make[1]: Leaving directory '/mnt/nfs/homes/sasaicic/Documents/minishell/libft'
gcc  -g -Wall -Wextra -Werror obj/main.o obj/get_tokens.o obj/free.o obj/lst_utils.o obj/exit.o obj/command.o obj/handle_operators.o obj/handle_redirection.o obj/clear.o obj/echo.o obj/utils.o obj/execute.o obj/get_path.o obj/parser.o obj/expansion.o obj/var.o obj/directory.o obj/exit_shell.o obj/environment.o obj/plug_pipes.o obj/handle_heredoc.o obj/signal.o obj/handle_expansion.o obj/parsing_utils.o obj/handle_quote.o -lreadline -L./libft/ -lft -o minishell
./minishell
$> fasdkfnkjhdsabfhdjbfahjdsfbashd
minishell: fasdkfnkjhdsabfhdjbfahjdsfbashd: command not found
$>
$>
$>
$> fasdkfnkjhdsabfhdjbfahjdsfbashd
minishell: fasdkfnkjhdsabfhdjbfahjdsfbashd: command not found
$> fasdkfnkjhdsabfhdjbfahjdsfbashd
minishell: fasdkfnkjhdsabfhdjbfahjdsfbashd: command not found
$> ls fdp | date
Wed 08 Dec 2021 02:36:44 PM CET
munmap_chunk(): invalid pointer
ls: cannot access 'fdp': No such file or directory
munmap_chunk(): invalid pointer
$> quit
minishell: quit: command not found
munmap_chunk(): invalid pointer
munmap_chunk(): invalid pointer
$>

